<?xml version="1.0" encoding="UTF-8"?>
<!-- Generated by org.testng.reporters.JUnitReportReporter -->
<testsuite hostname="DESKTOP-8T4D3JD" failures="0" tests="1" name="com.test.ECommercesite" time="3.089" errors="0" timestamp="2024-10-29T16:15:06 IST" skipped="0">
  <testcase classname="com.test.ECommercesite" name="checkoutFlowTest" time="3.089"/>
  <system-out/>
</testsuite> <!-- com.test.ECommercesite -->
